{
  "RSpec": {
    "coverage": {
      "/Users/Ed/Projects/rails-yelp/config/environment.rb": [
        null,
        1,
        null,
        null,
        1
      ],
      "/Users/Ed/Projects/rails-yelp/config/application.rb": [
        1,
        null,
        null,
        1,
        1,
        1,
        1,
        1,
        1,
        1,
        null,
        null,
        null,
        null,
        1,
        null,
        null,
        1,
        1,
        null,
        null,
        null,
        null,
        null,
        null,
        null,
        null,
        null,
        null,
        null,
        null,
        null,
        null,
        1,
        null,
        null
      ],
      "/Users/Ed/Projects/rails-yelp/config/boot.rb": [
        1,
        null,
        1
      ],
      "/Users/Ed/Projects/rails-yelp/config/environments/test.rb": [
        1,
        null,
        null,
        null,
        null,
        null,
        null,
        1,
        null,
        null,
        null,
        null,
        1,
        null,
        null,
        1,
        1,
        null,
        null,
        1,
        1,
        null,
        null,
        1,
        null,
        null,
        1,
        null,
        null,
        null,
        null,
        1,
        null,
        null,
        1,
        null,
        null,
        1,
        null,
        null,
        null,
        null
      ],
      "/Users/Ed/Projects/rails-yelp/config/initializers/assets.rb": [
        null,
        null,
        null,
        1,
        null,
        null,
        null,
        null,
        null,
        null,
        null
      ],
      "/Users/Ed/Projects/rails-yelp/config/initializers/backtrace_silencers.rb": [
        null,
        null,
        null,
        null,
        null,
        null,
        null
      ],
      "/Users/Ed/Projects/rails-yelp/config/initializers/cookies_serializer.rb": [
        null,
        null,
        1
      ],
      "/Users/Ed/Projects/rails-yelp/config/initializers/devise.rb": [
        null,
        null,
        1,
        null,
        null,
        null,
        null,
        null,
        null,
        null,
        null,
        null,
        1,
        null,
        null,
        null,
        null,
        null,
        null,
        null,
        null,
        1,
        null,
        null,
        null,
        null,
        null,
        null,
        null,
        null,
        null,
        null,
        null,
        null,
        null,
        null,
        null,
        null,
        null,
        null,
        null,
        null,
        null,
        1,
        null,
        null,
        null,
        null,
        1,
        null,
        null,
        null,
        null,
        null,
        null,
        null,
        null,
        null,
        null,
        null,
        null,
        null,
        null,
        null,
        null,
        null,
        null,
        null,
        null,
        null,
        null,
        null,
        null,
        null,
        null,
        null,
        null,
        null,
        null,
        1,
        null,
        null,
        null,
        null,
        null,
        null,
        null,
        null,
        null,
        null,
        null,
        null,
        null,
        null,
        null,
        null,
        1,
        null,
        null,
        null,
        null,
        null,
        null,
        null,
        null,
        null,
        null,
        null,
        null,
        null,
        null,
        null,
        null,
        null,
        null,
        null,
        null,
        null,
        null,
        null,
        null,
        1,
        null,
        null,
        null,
        null,
        null,
        null,
        null,
        null,
        null,
        1,
        null,
        null,
        null,
        null,
        null,
        null,
        null,
        null,
        null,
        null,
        1,
        null,
        null,
        null,
        null,
        null,
        null,
        null,
        null,
        null,
        null,
        null,
        null,
        null,
        null,
        null,
        null,
        null,
        null,
        null,
        null,
        null,
        null,
        null,
        null,
        null,
        null,
        null,
        null,
        null,
        null,
        null,
        null,
        null,
        null,
        null,
        null,
        null,
        null,
        null,
        null,
        null,
        null,
        null,
        null,
        null,
        null,
        null,
        null,
        1,
        null,
        null,
        null,
        null,
        null,
        null,
        null,
        null,
        null,
        null,
        null,
        null,
        null,
        null,
        null,
        null,
        null,
        null,
        null,
        null,
        null,
        null,
        null,
        null,
        null,
        null,
        null,
        null,
        null,
        null,
        null,
        null,
        null,
        null,
        null,
        null,
        null,
        1,
        null,
        null,
        null,
        null,
        null,
        1,
        null,
        null,
        null,
        null,
        null,
        null,
        null,
        null,
        null,
        null,
        null,
        null,
        null,
        null,
        null,
        null,
        null,
        null,
        null,
        null,
        null,
        null,
        null,
        null
      ],
      "/Users/Ed/Projects/rails-yelp/config/initializers/filter_parameter_logging.rb": [
        null,
        null,
        null,
        1
      ],
      "/Users/Ed/Projects/rails-yelp/config/initializers/inflections.rb": [
        null,
        null,
        null,
        null,
        null,
        null,
        null,
        null,
        null,
        null,
        null,
        null,
        null,
        null,
        null,
        null
      ],
      "/Users/Ed/Projects/rails-yelp/config/initializers/mime_types.rb": [
        null,
        null,
        null,
        null
      ],
      "/Users/Ed/Projects/rails-yelp/config/initializers/session_store.rb": [
        null,
        null,
        1
      ],
      "/Users/Ed/Projects/rails-yelp/config/initializers/wrap_parameters.rb": [
        null,
        null,
        null,
        null,
        null,
        null,
        1,
        1,
        null,
        null,
        null,
        null,
        null,
        null
      ],
      "/Users/Ed/Projects/rails-yelp/config/routes.rb": [
        1,
        null,
        1,
        null,
        null,
        null,
        null,
        null,
        null,
        null,
        null,
        1,
        null,
        null,
        1,
        1,
        1,
        null,
        null,
        null,
        null,
        null,
        null,
        null,
        null,
        null,
        null,
        null,
        null,
        null,
        null,
        null,
        null,
        null,
        null,
        null,
        null,
        null,
        null,
        null,
        null,
        null,
        null,
        null,
        null,
        null,
        null,
        null,
        null,
        null,
        null,
        null,
        null,
        null,
        null,
        null,
        null,
        null,
        null,
        null,
        null,
        null,
        null,
        null,
        null,
        null,
        null,
        null,
        null,
        null
      ],
      "/Users/Ed/Projects/rails-yelp/app/models/user.rb": [
        1,
        null,
        null,
        1,
        null,
        null,
        null,
        1,
        1,
        null,
        1,
        0,
        0,
        0,
        null,
        null,
        null,
        null,
        null,
        1,
        42,
        42,
        0,
        null,
        null,
        null,
        null
      ],
      "/Users/Ed/Projects/rails-yelp/app/helpers/application_helper.rb": [
        1,
        null
      ],
      "/Users/Ed/Projects/rails-yelp/app/helpers/endorsements_helper.rb": [
        1,
        null
      ],
      "/Users/Ed/Projects/rails-yelp/app/helpers/restaurants_helper.rb": [
        1,
        null
      ],
      "/Users/Ed/Projects/rails-yelp/app/helpers/reviews_helper.rb": [
        1,
        1,
        47,
        46,
        46,
        null,
        null,
        1,
        20,
        0,
        null,
        null
      ],
      "/Users/Ed/Projects/rails-yelp/app/models/restaurant.rb": [
        1,
        null,
        1,
        null,
        1,
        null,
        1,
        null,
        1,
        null,
        null,
        null,
        1,
        null,
        1,
        27,
        26,
        null,
        null,
        null
      ],
      "/Users/Ed/Projects/rails-yelp/app/models/review.rb": [
        1,
        null,
        1,
        1,
        1,
        null,
        1,
        null,
        null
      ],
      "/Users/Ed/Projects/rails-yelp/app/controllers/restaurants_controller.rb": [
        1,
        null,
        1,
        null,
        1,
        66,
        null,
        null,
        1,
        8,
        null,
        null,
        1,
        7,
        7,
        7,
        6,
        null,
        1,
        null,
        null,
        null,
        1,
        8,
        null,
        null,
        1,
        31,
        31,
        null,
        null,
        1,
        2,
        2,
        1,
        1,
        null,
        null,
        null,
        1,
        1,
        1,
        1,
        null,
        null,
        1,
        2,
        2,
        1,
        1,
        null,
        1,
        1,
        1,
        null,
        null,
        null,
        null,
        null
      ],
      "/Users/Ed/Projects/rails-yelp/app/controllers/application_controller.rb": [
        1,
        null,
        null,
        1,
        null
      ],
      "/Users/Ed/Projects/rails-yelp/app/controllers/reviews_controller.rb": [
        1,
        null,
        1,
        10,
        10,
        0,
        0,
        null,
        2,
        2,
        1,
        1,
        null,
        null,
        null,
        10,
        null,
        null,
        1,
        9,
        9,
        9,
        9,
        9,
        null,
        null,
        1,
        9,
        null,
        null,
        1,
        2,
        2,
        2,
        1,
        1,
        null,
        1,
        1,
        1,
        null,
        null,
        null,
        null
      ],
      "/Users/Ed/Projects/rails-yelp/app/models/endorsement.rb": [
        1,
        1,
        null
      ],
      "/Users/Ed/Projects/rails-yelp/app/controllers/endorsements_controller.rb": [
        1,
        null,
        1,
        3,
        3,
        3,
        null,
        null,
        null
      ]
    },
    "timestamp": 1424944600
  }
}
